e:\coding\liberengine\liberengine\dx11renderer\x64\debug\dx11renderer.pch
e:\coding\liberengine\liberengine\dx11renderer\x64\debug\vc143.pdb
e:\coding\liberengine\liberengine\dx11renderer\x64\debug\vc143.idb
e:\coding\liberengine\liberengine\dx11renderer\x64\debug\pch.obj
e:\coding\liberengine\liberengine\dx11renderer\x64\debug\dx11renderer.obj
e:\coding\liberengine\liberengine\dx11renderer\x64\debug\dx11model.obj
e:\coding\liberengine\liberengine\dx11renderer\x64\debug\dllmain.obj
e:\coding\liberengine\x64\debug\dx11renderer.lib
e:\coding\liberengine\x64\debug\dx11renderer.exp
e:\coding\liberengine\liberengine\dx11renderer\x64\debug\dx11renderer.ilk
e:\coding\liberengine\x64\debug\dx11renderer.dll
e:\coding\liberengine\x64\debug\dx11renderer.pdb
c:\users\user\documents\github\liberengine\liberengine\dx11renderer\x64\debug\dx11renderer.ilk
c:\users\user\documents\github\liberengine\liberengine\dx11renderer\x64\debug\vc143.idb
c:\users\user\documents\github\liberengine\liberengine\dx11renderer\x64\debug\vc143.pdb
c:\users\user\documents\github\liberengine\x64\debug\dx11renderer.pdb
c:\users\user\documents\github\liberengine\x64\debug\dx11renderer.dll
c:\users\user\documents\github\liberengine\liberengine\dx11renderer\x64\debug\dx11renderer.tlog\cl.command.1.tlog
c:\users\user\documents\github\liberengine\liberengine\dx11renderer\x64\debug\dx11renderer.tlog\cl.read.1.tlog
c:\users\user\documents\github\liberengine\liberengine\dx11renderer\x64\debug\dx11renderer.tlog\cl.write.1.tlog
c:\users\user\documents\github\liberengine\liberengine\dx11renderer\x64\debug\dx11renderer.tlog\dx11renderer.write.1u.tlog
c:\users\user\documents\github\liberengine\liberengine\dx11renderer\x64\debug\dx11renderer.tlog\link.command.1.tlog
c:\users\user\documents\github\liberengine\liberengine\dx11renderer\x64\debug\dx11renderer.tlog\link.read.1.tlog
c:\users\user\documents\github\liberengine\liberengine\dx11renderer\x64\debug\dx11renderer.tlog\link.write.1.tlog
