e:\coding\liberengine\liberengine\resources\x64\debug\resources.pch
e:\coding\liberengine\liberengine\resources\x64\debug\vc143.pdb
e:\coding\liberengine\liberengine\resources\x64\debug\vc143.idb
e:\coding\liberengine\liberengine\resources\x64\debug\pch.obj
e:\coding\liberengine\liberengine\resources\x64\debug\resourcemanager.obj
e:\coding\liberengine\liberengine\resources\x64\debug\model.obj
e:\coding\liberengine\liberengine\resources\x64\debug\lasset.obj
e:\coding\liberengine\liberengine\resources\x64\debug\fbxmodelloader.obj
e:\coding\liberengine\liberengine\resources\x64\debug\dllmain.obj
e:\coding\liberengine\liberengine\resources\x64\debug\assetsreader.obj
e:\coding\liberengine\liberengine\resources\x64\debug\resources.ilk
e:\coding\liberengine\x64\debug\resources.dll
e:\coding\liberengine\x64\debug\resources.pdb
e:\coding\liberengine\x64\debug\resources.lib
e:\coding\liberengine\x64\debug\resources.exp
e:\coding\liberengine\liberengine\resources\x64\debug\resources.tlog\cl.command.1.tlog
e:\coding\liberengine\liberengine\resources\x64\debug\resources.tlog\cl.read.1.tlog
e:\coding\liberengine\liberengine\resources\x64\debug\resources.tlog\cl.write.1.tlog
e:\coding\liberengine\liberengine\resources\x64\debug\resources.tlog\link.command.1.tlog
e:\coding\liberengine\liberengine\resources\x64\debug\resources.tlog\link.read.1.tlog
e:\coding\liberengine\liberengine\resources\x64\debug\resources.tlog\link.write.1.tlog
e:\coding\liberengine\liberengine\resources\x64\debug\resources.tlog\resources.write.1u.tlog
